# JRE version: OpenJDK Runtime Environment Temurin-21.0.7+6 (21.0.7+6) (build 21.0.7+6-LTS)
# Java VM: OpenJDK 64-Bit Server VM Temurin-21.0.7+6 (21.0.7+6-LTS, mixed mode, sharing, tiered, compressed oops, compressed class ptrs, parallel gc, windows-amd64)
GC Precious Log:
 CardTable entry size: 512
 CPUs: 8 total, 8 available
 Memory: 7103M
 Large Page Support: Disabled
 NUMA Support: Disabled
 Compressed Oops: Enabled (32-bit)
 Alignments: Space 512K, Generation 512K, Heap 2M
 Heap Min Capacity: 100M
 Heap Initial Capacity: 100M
 Heap Max Capacity: 2G
 Pre-touch: Disabled
 Parallel Workers: 8
Heap:
 PSYoungGen      total 3584K, used 854K [0x00000000d5580000, 0x00000000d5a80000, 0x0000000100000000)
  eden space 3072K, 17% used [0x00000000d5580000,0x00000000d5605948,0x00000000d5880000)
  from space 512K, 62% used [0x00000000d5a00000,0x00000000d5a50000,0x00000000d5a80000)
  to   space 512K, 0% used [0x00000000d5980000,0x00000000d5980000,0x00000000d5a00000)
 ParOldGen       total 906240K, used 243953K [0x0000000080000000, 0x00000000b7500000, 0x00000000d5580000)
  object space 906240K, 26% used [0x0000000080000000,0x000000008ee3c458,0x00000000b7500000)
 Metaspace       used 79202K, committed 80896K, reserved 1179648K
  class space    used 8112K, committed 8832K, reserved 1048576K
GC Heap History (20 events):
Event: 822.436 GC heap before
{Heap before GC invocations=1100 (full 3):
 PSYoungGen      total 3584K, used 3572K [0x00000000d5580000, 0x00000000d5a80000, 0x0000000100000000)
  eden space 3072K, 100% used [0x00000000d5580000,0x00000000d5880000,0x00000000d5880000)
  from space 512K, 97% used [0x00000000d5a00000,0x00000000d5a7d200,0x00000000d5a80000)
  to   space 1024K, 0% used [0x00000000d5880000,0x00000000d5880000,0x00000000d5980000)
 ParOldGen       total 903680K, used 903323K [0x0000000080000000, 0x00000000b7280000, 0x00000000d5580000)
  object space 903680K, 99% used [0x0000000080000000,0x00000000b7226d20,0x00000000b7280000)
 Metaspace       used 79144K, committed 80832K, reserved 1179648K
  class space    used 8114K, committed 8832K, reserved 1048576K
}
Event: 822.440 GC heap after
{Heap after GC invocations=1100 (full 3):
 PSYoungGen      total 4096K, used 384K [0x00000000d5580000, 0x00000000d5a80000, 0x0000000100000000)
  eden space 3072K, 0% used [0x00000000d5580000,0x00000000d5580000,0x00000000d5880000)
  from space 1024K, 37% used [0x00000000d5880000,0x00000000d58e0000,0x00000000d5980000)
  to   space 512K, 0% used [0x00000000d5a00000,0x00000000d5a00000,0x00000000d5a80000)
 ParOldGen       total 904192K, used 903751K [0x0000000080000000, 0x00000000b7300000, 0x00000000d5580000)
  object space 904192K, 99% used [0x0000000080000000,0x00000000b7291f30,0x00000000b7300000)
 Metaspace       used 79144K, committed 80832K, reserved 1179648K
  class space    used 8114K, committed 8832K, reserved 1048576K
}
Event: 822.509 GC heap before
{Heap before GC invocations=1101 (full 3):
 PSYoungGen      total 4096K, used 3456K [0x00000000d5580000, 0x00000000d5a80000, 0x0000000100000000)
  eden space 3072K, 100% used [0x00000000d5580000,0x00000000d5880000,0x00000000d5880000)
  from space 1024K, 37% used [0x00000000d5880000,0x00000000d58e0000,0x00000000d5980000)
  to   space 512K, 0% used [0x00000000d5a00000,0x00000000d5a00000,0x00000000d5a80000)
 ParOldGen       total 904192K, used 903751K [0x0000000080000000, 0x00000000b7300000, 0x00000000d5580000)
  object space 904192K, 99% used [0x0000000080000000,0x00000000b7291f30,0x00000000b7300000)
 Metaspace       used 79161K, committed 80832K, reserved 1179648K
  class space    used 8114K, committed 8832K, reserved 1048576K
}
Event: 822.513 GC heap after
{Heap after GC invocations=1101 (full 3):
 PSYoungGen      total 3584K, used 448K [0x00000000d5580000, 0x00000000d5a80000, 0x0000000100000000)
  eden space 3072K, 0% used [0x00000000d5580000,0x00000000d5580000,0x00000000d5880000)
  from space 512K, 87% used [0x00000000d5a00000,0x00000000d5a70000,0x00000000d5a80000)
  to   space 512K, 0% used [0x00000000d5980000,0x00000000d5980000,0x00000000d5a00000)
 ParOldGen       total 904192K, used 904055K [0x0000000080000000, 0x00000000b7300000, 0x00000000d5580000)
  object space 904192K, 99% used [0x0000000080000000,0x00000000b72ddf50,0x00000000b7300000)
 Metaspace       used 79161K, committed 80832K, reserved 1179648K
  class space    used 8114K, committed 8832K, reserved 1048576K
}
Event: 822.535 GC heap before
{Heap before GC invocations=1102 (full 3):
 PSYoungGen      total 3584K, used 3520K [0x00000000d5580000, 0x00000000d5a80000, 0x0000000100000000)
  eden space 3072K, 100% used [0x00000000d5580000,0x00000000d5880000,0x00000000d5880000)
  from space 512K, 87% used [0x00000000d5a00000,0x00000000d5a70000,0x00000000d5a80000)
  to   space 512K, 0% used [0x00000000d5980000,0x00000000d5980000,0x00000000d5a00000)
 ParOldGen       total 904192K, used 904055K [0x0000000080000000, 0x00000000b7300000, 0x00000000d5580000)
  object space 904192K, 99% used [0x0000000080000000,0x00000000b72ddf50,0x00000000b7300000)
 Metaspace       used 79170K, committed 80832K, reserved 1179648K
  class space    used 8114K, committed 8832K, reserved 1048576K
}
Event: 822.538 GC heap after
{Heap after GC invocations=1102 (full 3):
 PSYoungGen      total 3584K, used 490K [0x00000000d5580000, 0x00000000d5a80000, 0x0000000100000000)
  eden space 3072K, 0% used [0x00000000d5580000,0x00000000d5580000,0x00000000d5880000)
  from space 512K, 95% used [0x00000000d5980000,0x00000000d59fa910,0x00000000d5a00000)
  to   space 512K, 0% used [0x00000000d5a00000,0x00000000d5a00000,0x00000000d5a80000)
 ParOldGen       total 904704K, used 904380K [0x0000000080000000, 0x00000000b7380000, 0x00000000d5580000)
  object space 904704K, 99% used [0x0000000080000000,0x00000000b732f1d0,0x00000000b7380000)
 Metaspace       used 79170K, committed 80832K, reserved 1179648K
  class space    used 8114K, committed 8832K, reserved 1048576K
}
Event: 822.553 GC heap before
{Heap before GC invocations=1103 (full 3):
 PSYoungGen      total 3584K, used 3562K [0x00000000d5580000, 0x00000000d5a80000, 0x0000000100000000)
  eden space 3072K, 100% used [0x00000000d5580000,0x00000000d5880000,0x00000000d5880000)
  from space 512K, 95% used [0x00000000d5980000,0x00000000d59fa910,0x00000000d5a00000)
  to   space 512K, 0% used [0x00000000d5a00000,0x00000000d5a00000,0x00000000d5a80000)
 ParOldGen       total 904704K, used 904380K [0x0000000080000000, 0x00000000b7380000, 0x00000000d5580000)
  object space 904704K, 99% used [0x0000000080000000,0x00000000b732f1d0,0x00000000b7380000)
 Metaspace       used 79175K, committed 80832K, reserved 1179648K
  class space    used 8114K, committed 8832K, reserved 1048576K
}
Event: 822.557 GC heap after
{Heap after GC invocations=1103 (full 3):
 PSYoungGen      total 3584K, used 320K [0x00000000d5580000, 0x00000000d5a80000, 0x0000000100000000)
  eden space 3072K, 0% used [0x00000000d5580000,0x00000000d5580000,0x00000000d5880000)
  from space 512K, 62% used [0x00000000d5a00000,0x00000000d5a50000,0x00000000d5a80000)
  to   space 512K, 0% used [0x00000000d5980000,0x00000000d5980000,0x00000000d5a00000)
 ParOldGen       total 905216K, used 904744K [0x0000000080000000, 0x00000000b7400000, 0x00000000d5580000)
  object space 905216K, 99% used [0x0000000080000000,0x00000000b738a3e0,0x00000000b7400000)
 Metaspace       used 79175K, committed 80832K, reserved 1179648K
  class space    used 8114K, committed 8832K, reserved 1048576K
}
Event: 823.051 GC heap before
{Heap before GC invocations=1104 (full 3):
 PSYoungGen      total 3584K, used 3392K [0x00000000d5580000, 0x00000000d5a80000, 0x0000000100000000)
  eden space 3072K, 100% used [0x00000000d5580000,0x00000000d5880000,0x00000000d5880000)
  from space 512K, 62% used [0x00000000d5a00000,0x00000000d5a50000,0x00000000d5a80000)
  to   space 512K, 0% used [0x00000000d5980000,0x00000000d5980000,0x00000000d5a00000)
 ParOldGen       total 905216K, used 904744K [0x0000000080000000, 0x00000000b7400000, 0x00000000d5580000)
  object space 905216K, 99% used [0x0000000080000000,0x00000000b738a3e0,0x00000000b7400000)
 Metaspace       used 79193K, committed 80896K, reserved 1179648K
  class space    used 8114K, committed 8832K, reserved 1048576K
}
Event: 823.053 GC heap after
{Heap after GC invocations=1104 (full 3):
 PSYoungGen      total 3584K, used 320K [0x00000000d5580000, 0x00000000d5a80000, 0x0000000100000000)
  eden space 3072K, 0% used [0x00000000d5580000,0x00000000d5580000,0x00000000d5880000)
  from space 512K, 62% used [0x00000000d5980000,0x00000000d59d0000,0x00000000d5a00000)
  to   space 512K, 0% used [0x00000000d5a00000,0x00000000d5a00000,0x00000000d5a80000)
 ParOldGen       total 905216K, used 905009K [0x0000000080000000, 0x00000000b7400000, 0x00000000d5580000)
  object space 905216K, 99% used [0x0000000080000000,0x00000000b73cc400,0x00000000b7400000)
 Metaspace       used 79193K, committed 80896K, reserved 1179648K
  class space    used 8114K, committed 8832K, reserved 1048576K
}
Event: 823.399 GC heap before
{Heap before GC invocations=1105 (full 3):
 PSYoungGen      total 3584K, used 3392K [0x00000000d5580000, 0x00000000d5a80000, 0x0000000100000000)
  eden space 3072K, 100% used [0x00000000d5580000,0x00000000d5880000,0x00000000d5880000)
  from space 512K, 62% used [0x00000000d5980000,0x00000000d59d0000,0x00000000d5a00000)
  to   space 512K, 0% used [0x00000000d5a00000,0x00000000d5a00000,0x00000000d5a80000)
 ParOldGen       total 905216K, used 905009K [0x0000000080000000, 0x00000000b7400000, 0x00000000d5580000)
  object space 905216K, 99% used [0x0000000080000000,0x00000000b73cc400,0x00000000b7400000)
 Metaspace       used 79193K, committed 80896K, reserved 1179648K
  class space    used 8114K, committed 8832K, reserved 1048576K
}
Event: 823.403 GC heap after
{Heap after GC invocations=1105 (full 3):
 PSYoungGen      total 3584K, used 490K [0x00000000d5580000, 0x00000000d5a80000, 0x0000000100000000)
  eden space 3072K, 0% used [0x00000000d5580000,0x00000000d5580000,0x00000000d5880000)
  from space 512K, 95% used [0x00000000d5a00000,0x00000000d5a7a910,0x00000000d5a80000)
  to   space 1024K, 0% used [0x00000000d5880000,0x00000000d5880000,0x00000000d5980000)
 ParOldGen       total 905728K, used 905245K [0x0000000080000000, 0x00000000b7480000, 0x00000000d5580000)
  object space 905728K, 99% used [0x0000000080000000,0x00000000b7407680,0x00000000b7480000)
 Metaspace       used 79193K, committed 80896K, reserved 1179648K
  class space    used 8114K, committed 8832K, reserved 1048576K
}
Event: 823.422 GC heap before
{Heap before GC invocations=1106 (full 3):
 PSYoungGen      total 3584K, used 3562K [0x00000000d5580000, 0x00000000d5a80000, 0x0000000100000000)
  eden space 3072K, 100% used [0x00000000d5580000,0x00000000d5880000,0x00000000d5880000)
  from space 512K, 95% used [0x00000000d5a00000,0x00000000d5a7a910,0x00000000d5a80000)
  to   space 1024K, 0% used [0x00000000d5880000,0x00000000d5880000,0x00000000d5980000)
 ParOldGen       total 905728K, used 905245K [0x0000000080000000, 0x00000000b7480000, 0x00000000d5580000)
  object space 905728K, 99% used [0x0000000080000000,0x00000000b7407680,0x00000000b7480000)
 Metaspace       used 79193K, committed 80896K, reserved 1179648K
  class space    used 8114K, committed 8832K, reserved 1048576K
}
Event: 823.426 GC heap after
{Heap after GC invocations=1106 (full 3):
 PSYoungGen      total 4096K, used 352K [0x00000000d5580000, 0x00000000d5a80000, 0x0000000100000000)
  eden space 3072K, 0% used [0x00000000d5580000,0x00000000d5580000,0x00000000d5880000)
  from space 1024K, 34% used [0x00000000d5880000,0x00000000d58d8000,0x00000000d5980000)
  to   space 512K, 0% used [0x00000000d5a00000,0x00000000d5a00000,0x00000000d5a80000)
 ParOldGen       total 905728K, used 905642K [0x0000000080000000, 0x00000000b7480000, 0x00000000d5580000)
  object space 905728K, 99% used [0x0000000080000000,0x00000000b746a890,0x00000000b7480000)
 Metaspace       used 79193K, committed 80896K, reserved 1179648K
  class space    used 8114K, committed 8832K, reserved 1048576K
}
Event: 823.436 GC heap before
{Heap before GC invocations=1107 (full 3):
 PSYoungGen      total 4096K, used 1029K [0x00000000d5580000, 0x00000000d5a80000, 0x0000000100000000)
  eden space 3072K, 22% used [0x00000000d5580000,0x00000000d5629560,0x00000000d5880000)
  from space 1024K, 34% used [0x00000000d5880000,0x00000000d58d8000,0x00000000d5980000)
  to   space 512K, 0% used [0x00000000d5a00000,0x00000000d5a00000,0x00000000d5a80000)
 ParOldGen       total 905728K, used 905642K [0x0000000080000000, 0x00000000b7480000, 0x00000000d5580000)
  object space 905728K, 99% used [0x0000000080000000,0x00000000b746a890,0x00000000b7480000)
 Metaspace       used 79193K, committed 80896K, reserved 1179648K
  class space    used 8114K, committed 8832K, reserved 1048576K
}
Event: 823.440 GC heap after
{Heap after GC invocations=1107 (full 3):
 PSYoungGen      total 3584K, used 288K [0x00000000d5580000, 0x00000000d5a80000, 0x0000000100000000)
  eden space 3072K, 0% used [0x00000000d5580000,0x00000000d5580000,0x00000000d5880000)
  from space 512K, 56% used [0x00000000d5a00000,0x00000000d5a48000,0x00000000d5a80000)
  to   space 512K, 0% used [0x00000000d5980000,0x00000000d5980000,0x00000000d5a00000)
 ParOldGen       total 906240K, used 905882K [0x0000000080000000, 0x00000000b7500000, 0x00000000d5580000)
  object space 906240K, 99% used [0x0000000080000000,0x00000000b74a68b0,0x00000000b7500000)
 Metaspace       used 79193K, committed 80896K, reserved 1179648K
  class space    used 8114K, committed 8832K, reserved 1048576K
}
Event: 823.442 GC heap before
{Heap before GC invocations=1108 (full 4):
 PSYoungGen      total 3584K, used 288K [0x00000000d5580000, 0x00000000d5a80000, 0x0000000100000000)
  eden space 3072K, 0% used [0x00000000d5580000,0x00000000d5580000,0x00000000d5880000)
  from space 512K, 56% used [0x00000000d5a00000,0x00000000d5a48000,0x00000000d5a80000)
  to   space 512K, 0% used [0x00000000d5980000,0x00000000d5980000,0x00000000d5a00000)
 ParOldGen       total 906240K, used 905882K [0x0000000080000000, 0x00000000b7500000, 0x00000000d5580000)
  object space 906240K, 99% used [0x0000000080000000,0x00000000b74a68b0,0x00000000b7500000)
 Metaspace       used 79193K, committed 80896K, reserved 1179648K
  class space    used 8114K, committed 8832K, reserved 1048576K
}
Event: 825.658 GC heap after
{Heap after GC invocations=1108 (full 4):
 PSYoungGen      total 3584K, used 0K [0x00000000d5580000, 0x00000000d5a80000, 0x0000000100000000)
  eden space 3072K, 0% used [0x00000000d5580000,0x00000000d5580000,0x00000000d5880000)
  from space 512K, 0% used [0x00000000d5a00000,0x00000000d5a00000,0x00000000d5a80000)
  to   space 512K, 0% used [0x00000000d5980000,0x00000000d5980000,0x00000000d5a00000)
 ParOldGen       total 906240K, used 243468K [0x0000000080000000, 0x00000000b7500000, 0x00000000d5580000)
  object space 906240K, 26% used [0x0000000080000000,0x000000008edc3248,0x00000000b7500000)
 Metaspace       used 79187K, committed 80896K, reserved 1179648K
  class space    used 8112K, committed 8832K, reserved 1048576K
}
Event: 825.732 GC heap before
{Heap before GC invocations=1109 (full 4):
 PSYoungGen      total 3584K, used 3071K [0x00000000d5580000, 0x00000000d5a80000, 0x0000000100000000)
  eden space 3072K, 99% used [0x00000000d5580000,0x00000000d587fef0,0x00000000d5880000)
  from space 512K, 0% used [0x00000000d5a00000,0x00000000d5a00000,0x00000000d5a80000)
  to   space 512K, 0% used [0x00000000d5980000,0x00000000d5980000,0x00000000d5a00000)
 ParOldGen       total 906240K, used 243468K [0x0000000080000000, 0x00000000b7500000, 0x00000000d5580000)
  object space 906240K, 26% used [0x0000000080000000,0x000000008edc3248,0x00000000b7500000)
 Metaspace       used 79187K, committed 80896K, reserved 1179648K
  class space    used 8112K, committed 8832K, reserved 1048576K
}
Event: 825.741 GC heap after
{Heap after GC invocations=1109 (full 4):
 PSYoungGen      total 3584K, used 484K [0x00000000d5580000, 0x00000000d5a80000, 0x0000000100000000)
  eden space 3072K, 0% used [0x00000000d5580000,0x00000000d5580000,0x00000000d5880000)
  from space 512K, 94% used [0x00000000d5980000,0x00000000d59f9210,0x00000000d5a00000)
  to   space 512K, 0% used [0x00000000d5a00000,0x00000000d5a00000,0x00000000d5a80000)
 ParOldGen       total 906240K, used 243508K [0x0000000080000000, 0x00000000b7500000, 0x00000000d5580000)
  object space 906240K, 26% used [0x0000000080000000,0x000000008edcd248,0x00000000b7500000)
 Metaspace       used 79187K, committed 80896K, reserved 1179648K
  class space    used 8112K, committed 8832K, reserved 1048576K
}

