# JRE version: OpenJDK Runtime Environment Temurin-21.0.7+6 (21.0.7+6) (build 21.0.7+6-LTS)
# Java VM: OpenJDK 64-Bit Server VM Temurin-21.0.7+6 (21.0.7+6-LTS, mixed mode, sharing, tiered, compressed oops, compressed class ptrs, parallel gc, windows-amd64)
GC Precious Log:
 CardTable entry size: 512
 CPUs: 8 total, 8 available
 Memory: 7103M
 Large Page Support: Disabled
 NUMA Support: Disabled
 Compressed Oops: Enabled (32-bit)
 Alignments: Space 512K, Generation 512K, Heap 2M
 Heap Min Capacity: 100M
 Heap Initial Capacity: 100M
 Heap Max Capacity: 2G
 Pre-touch: Disabled
 Parallel Workers: 8
Heap:
 PSYoungGen      total 2048K, used 350K [0x00000000d5580000, 0x00000000d5880000, 0x0000000100000000)
  eden space 1536K, 1% used [0x00000000d5580000,0x00000000d5587918,0x00000000d5700000)
  from space 512K, 62% used [0x00000000d5800000,0x00000000d5850000,0x00000000d5880000)
  to   space 512K, 0% used [0x00000000d5780000,0x00000000d5780000,0x00000000d5800000)
 ParOldGen       total 382976K, used 382607K [0x0000000080000000, 0x0000000097600000, 0x00000000d5580000)
  object space 382976K, 99% used [0x0000000080000000,0x00000000975a3ce0,0x0000000097600000)
 Metaspace       used 63077K, committed 64512K, reserved 1114112K
  class space    used 6474K, committed 7104K, reserved 1048576K
GC Heap History (20 events):
Event: 29.917 GC heap before
{Heap before GC invocations=460 (full 3):
 PSYoungGen      total 2048K, used 1821K [0x00000000d5580000, 0x00000000d5880000, 0x0000000100000000)
  eden space 1536K, 99% used [0x00000000d5580000,0x00000000d56ff490,0x00000000d5700000)
  from space 512K, 56% used [0x00000000d5800000,0x00000000d5848000,0x00000000d5880000)
  to   space 512K, 0% used [0x00000000d5700000,0x00000000d5700000,0x00000000d5780000)
 ParOldGen       total 379904K, used 379557K [0x0000000080000000, 0x0000000097300000, 0x00000000d5580000)
  object space 379904K, 99% used [0x0000000080000000,0x00000000972a9470,0x0000000097300000)
 Metaspace       used 63068K, committed 64512K, reserved 1114112K
  class space    used 6473K, committed 7104K, reserved 1048576K
}
Event: 29.919 GC heap after
{Heap after GC invocations=460 (full 3):
 PSYoungGen      total 2048K, used 512K [0x00000000d5580000, 0x00000000d5900000, 0x0000000100000000)
  eden space 1536K, 0% used [0x00000000d5580000,0x00000000d5580000,0x00000000d5700000)
  from space 512K, 100% used [0x00000000d5700000,0x00000000d5780000,0x00000000d5780000)
  to   space 1024K, 0% used [0x00000000d5800000,0x00000000d5800000,0x00000000d5900000)
 ParOldGen       total 380416K, used 379940K [0x0000000080000000, 0x0000000097380000, 0x00000000d5580000)
  object space 380416K, 99% used [0x0000000080000000,0x0000000097309070,0x0000000097380000)
 Metaspace       used 63068K, committed 64512K, reserved 1114112K
  class space    used 6473K, committed 7104K, reserved 1048576K
}
Event: 29.958 GC heap before
{Heap before GC invocations=461 (full 3):
 PSYoungGen      total 2048K, used 2024K [0x00000000d5580000, 0x00000000d5900000, 0x0000000100000000)
  eden space 1536K, 98% used [0x00000000d5580000,0x00000000d56fa0e8,0x00000000d5700000)
  from space 512K, 100% used [0x00000000d5700000,0x00000000d5780000,0x00000000d5780000)
  to   space 1024K, 0% used [0x00000000d5800000,0x00000000d5800000,0x00000000d5900000)
 ParOldGen       total 380416K, used 379940K [0x0000000080000000, 0x0000000097380000, 0x00000000d5580000)
  object space 380416K, 99% used [0x0000000080000000,0x0000000097309070,0x0000000097380000)
 Metaspace       used 63069K, committed 64512K, reserved 1114112K
  class space    used 6473K, committed 7104K, reserved 1048576K
}
Event: 29.959 GC heap after
{Heap after GC invocations=461 (full 3):
 PSYoungGen      total 2560K, used 339K [0x00000000d5580000, 0x00000000d5900000, 0x0000000100000000)
  eden space 1536K, 0% used [0x00000000d5580000,0x00000000d5580000,0x00000000d5700000)
  from space 1024K, 33% used [0x00000000d5800000,0x00000000d5854ce0,0x00000000d5900000)
  to   space 1024K, 0% used [0x00000000d5700000,0x00000000d5700000,0x00000000d5800000)
 ParOldGen       total 380416K, used 380028K [0x0000000080000000, 0x0000000097380000, 0x00000000d5580000)
  object space 380416K, 99% used [0x0000000080000000,0x000000009731f070,0x0000000097380000)
 Metaspace       used 63069K, committed 64512K, reserved 1114112K
  class space    used 6473K, committed 7104K, reserved 1048576K
}
Event: 29.966 GC heap before
{Heap before GC invocations=462 (full 3):
 PSYoungGen      total 2560K, used 1875K [0x00000000d5580000, 0x00000000d5900000, 0x0000000100000000)
  eden space 1536K, 100% used [0x00000000d5580000,0x00000000d5700000,0x00000000d5700000)
  from space 1024K, 33% used [0x00000000d5800000,0x00000000d5854ce0,0x00000000d5900000)
  to   space 1024K, 0% used [0x00000000d5700000,0x00000000d5700000,0x00000000d5800000)
 ParOldGen       total 380416K, used 380028K [0x0000000080000000, 0x0000000097380000, 0x00000000d5580000)
  object space 380416K, 99% used [0x0000000080000000,0x000000009731f070,0x0000000097380000)
 Metaspace       used 63069K, committed 64512K, reserved 1114112K
  class space    used 6473K, committed 7104K, reserved 1048576K
}
Event: 29.968 GC heap after
{Heap after GC invocations=462 (full 3):
 PSYoungGen      total 2560K, used 416K [0x00000000d5580000, 0x00000000d5880000, 0x0000000100000000)
  eden space 1536K, 0% used [0x00000000d5580000,0x00000000d5580000,0x00000000d5700000)
  from space 1024K, 40% used [0x00000000d5700000,0x00000000d5768000,0x00000000d5800000)
  to   space 512K, 0% used [0x00000000d5800000,0x00000000d5800000,0x00000000d5880000)
 ParOldGen       total 380416K, used 380204K [0x0000000080000000, 0x0000000097380000, 0x00000000d5580000)
  object space 380416K, 99% used [0x0000000080000000,0x000000009734b060,0x0000000097380000)
 Metaspace       used 63069K, committed 64512K, reserved 1114112K
  class space    used 6473K, committed 7104K, reserved 1048576K
}
Event: 29.981 GC heap before
{Heap before GC invocations=463 (full 3):
 PSYoungGen      total 2560K, used 1952K [0x00000000d5580000, 0x00000000d5880000, 0x0000000100000000)
  eden space 1536K, 100% used [0x00000000d5580000,0x00000000d5700000,0x00000000d5700000)
  from space 1024K, 40% used [0x00000000d5700000,0x00000000d5768000,0x00000000d5800000)
  to   space 512K, 0% used [0x00000000d5800000,0x00000000d5800000,0x00000000d5880000)
 ParOldGen       total 380416K, used 380204K [0x0000000080000000, 0x0000000097380000, 0x00000000d5580000)
  object space 380416K, 99% used [0x0000000080000000,0x000000009734b060,0x0000000097380000)
 Metaspace       used 63076K, committed 64512K, reserved 1114112K
  class space    used 6474K, committed 7104K, reserved 1048576K
}
Event: 29.983 GC heap after
{Heap after GC invocations=463 (full 3):
 PSYoungGen      total 2048K, used 384K [0x00000000d5580000, 0x00000000d5880000, 0x0000000100000000)
  eden space 1536K, 0% used [0x00000000d5580000,0x00000000d5580000,0x00000000d5700000)
  from space 512K, 75% used [0x00000000d5800000,0x00000000d5860000,0x00000000d5880000)
  to   space 512K, 0% used [0x00000000d5780000,0x00000000d5780000,0x00000000d5800000)
 ParOldGen       total 380928K, used 380521K [0x0000000080000000, 0x0000000097400000, 0x00000000d5580000)
  object space 380928K, 99% used [0x0000000080000000,0x000000009739a668,0x0000000097400000)
 Metaspace       used 63076K, committed 64512K, reserved 1114112K
  class space    used 6474K, committed 7104K, reserved 1048576K
}
Event: 29.993 GC heap before
{Heap before GC invocations=464 (full 3):
 PSYoungGen      total 2048K, used 1920K [0x00000000d5580000, 0x00000000d5880000, 0x0000000100000000)
  eden space 1536K, 100% used [0x00000000d5580000,0x00000000d5700000,0x00000000d5700000)
  from space 512K, 75% used [0x00000000d5800000,0x00000000d5860000,0x00000000d5880000)
  to   space 512K, 0% used [0x00000000d5780000,0x00000000d5780000,0x00000000d5800000)
 ParOldGen       total 380928K, used 380521K [0x0000000080000000, 0x0000000097400000, 0x00000000d5580000)
  object space 380928K, 99% used [0x0000000080000000,0x000000009739a668,0x0000000097400000)
 Metaspace       used 63076K, committed 64512K, reserved 1114112K
  class space    used 6474K, committed 7104K, reserved 1048576K
}
Event: 29.995 GC heap after
{Heap after GC invocations=464 (full 3):
 PSYoungGen      total 2048K, used 320K [0x00000000d5580000, 0x00000000d5880000, 0x0000000100000000)
  eden space 1536K, 0% used [0x00000000d5580000,0x00000000d5580000,0x00000000d5700000)
  from space 512K, 62% used [0x00000000d5780000,0x00000000d57d0000,0x00000000d5800000)
  to   space 512K, 0% used [0x00000000d5800000,0x00000000d5800000,0x00000000d5880000)
 ParOldGen       total 380928K, used 380753K [0x0000000080000000, 0x0000000097400000, 0x00000000d5580000)
  object space 380928K, 99% used [0x0000000080000000,0x00000000973d4668,0x0000000097400000)
 Metaspace       used 63076K, committed 64512K, reserved 1114112K
  class space    used 6474K, committed 7104K, reserved 1048576K
}
Event: 30.009 GC heap before
{Heap before GC invocations=465 (full 3):
 PSYoungGen      total 2048K, used 1856K [0x00000000d5580000, 0x00000000d5880000, 0x0000000100000000)
  eden space 1536K, 100% used [0x00000000d5580000,0x00000000d5700000,0x00000000d5700000)
  from space 512K, 62% used [0x00000000d5780000,0x00000000d57d0000,0x00000000d5800000)
  to   space 512K, 0% used [0x00000000d5800000,0x00000000d5800000,0x00000000d5880000)
 ParOldGen       total 380928K, used 380753K [0x0000000080000000, 0x0000000097400000, 0x00000000d5580000)
  object space 380928K, 99% used [0x0000000080000000,0x00000000973d4668,0x0000000097400000)
 Metaspace       used 63077K, committed 64512K, reserved 1114112K
  class space    used 6474K, committed 7104K, reserved 1048576K
}
Event: 30.011 GC heap after
{Heap after GC invocations=465 (full 3):
 PSYoungGen      total 2048K, used 484K [0x00000000d5580000, 0x00000000d5900000, 0x0000000100000000)
  eden space 1536K, 0% used [0x00000000d5580000,0x00000000d5580000,0x00000000d5700000)
  from space 512K, 94% used [0x00000000d5800000,0x00000000d5879208,0x00000000d5880000)
  to   space 1024K, 0% used [0x00000000d5700000,0x00000000d5700000,0x00000000d5800000)
 ParOldGen       total 381440K, used 380996K [0x0000000080000000, 0x0000000097480000, 0x00000000d5580000)
  object space 381440K, 99% used [0x0000000080000000,0x0000000097411270,0x0000000097480000)
 Metaspace       used 63077K, committed 64512K, reserved 1114112K
  class space    used 6474K, committed 7104K, reserved 1048576K
}
Event: 30.020 GC heap before
{Heap before GC invocations=466 (full 3):
 PSYoungGen      total 2048K, used 2020K [0x00000000d5580000, 0x00000000d5900000, 0x0000000100000000)
  eden space 1536K, 99% used [0x00000000d5580000,0x00000000d56ffff0,0x00000000d5700000)
  from space 512K, 94% used [0x00000000d5800000,0x00000000d5879208,0x00000000d5880000)
  to   space 1024K, 0% used [0x00000000d5700000,0x00000000d5700000,0x00000000d5800000)
 ParOldGen       total 381440K, used 380996K [0x0000000080000000, 0x0000000097480000, 0x00000000d5580000)
  object space 381440K, 99% used [0x0000000080000000,0x0000000097411270,0x0000000097480000)
 Metaspace       used 63077K, committed 64512K, reserved 1114112K
  class space    used 6474K, committed 7104K, reserved 1048576K
}
Event: 30.022 GC heap after
{Heap after GC invocations=466 (full 3):
 PSYoungGen      total 2560K, used 352K [0x00000000d5580000, 0x00000000d5880000, 0x0000000100000000)
  eden space 1536K, 0% used [0x00000000d5580000,0x00000000d5580000,0x00000000d5700000)
  from space 1024K, 34% used [0x00000000d5700000,0x00000000d5758000,0x00000000d5800000)
  to   space 512K, 0% used [0x00000000d5800000,0x00000000d5800000,0x00000000d5880000)
 ParOldGen       total 381440K, used 381212K [0x0000000080000000, 0x0000000097480000, 0x00000000d5580000)
  object space 381440K, 99% used [0x0000000080000000,0x0000000097447270,0x0000000097480000)
 Metaspace       used 63077K, committed 64512K, reserved 1114112K
  class space    used 6474K, committed 7104K, reserved 1048576K
}
Event: 30.028 GC heap before
{Heap before GC invocations=467 (full 3):
 PSYoungGen      total 2560K, used 1888K [0x00000000d5580000, 0x00000000d5880000, 0x0000000100000000)
  eden space 1536K, 100% used [0x00000000d5580000,0x00000000d5700000,0x00000000d5700000)
  from space 1024K, 34% used [0x00000000d5700000,0x00000000d5758000,0x00000000d5800000)
  to   space 512K, 0% used [0x00000000d5800000,0x00000000d5800000,0x00000000d5880000)
 ParOldGen       total 381440K, used 381212K [0x0000000080000000, 0x0000000097480000, 0x00000000d5580000)
  object space 381440K, 99% used [0x0000000080000000,0x0000000097447270,0x0000000097480000)
 Metaspace       used 63077K, committed 64512K, reserved 1114112K
  class space    used 6474K, committed 7104K, reserved 1048576K
}
Event: 30.030 GC heap after
{Heap after GC invocations=467 (full 3):
 PSYoungGen      total 2048K, used 320K [0x00000000d5580000, 0x00000000d5880000, 0x0000000100000000)
  eden space 1536K, 0% used [0x00000000d5580000,0x00000000d5580000,0x00000000d5700000)
  from space 512K, 62% used [0x00000000d5800000,0x00000000d5850000,0x00000000d5880000)
  to   space 512K, 0% used [0x00000000d5780000,0x00000000d5780000,0x00000000d5800000)
 ParOldGen       total 381952K, used 381489K [0x0000000080000000, 0x0000000097500000, 0x00000000d5580000)
  object space 381952K, 99% used [0x0000000080000000,0x000000009748c478,0x0000000097500000)
 Metaspace       used 63077K, committed 64512K, reserved 1114112K
  class space    used 6474K, committed 7104K, reserved 1048576K
}
Event: 30.039 GC heap before
{Heap before GC invocations=468 (full 3):
 PSYoungGen      total 2048K, used 1856K [0x00000000d5580000, 0x00000000d5880000, 0x0000000100000000)
  eden space 1536K, 100% used [0x00000000d5580000,0x00000000d5700000,0x00000000d5700000)
  from space 512K, 62% used [0x00000000d5800000,0x00000000d5850000,0x00000000d5880000)
  to   space 512K, 0% used [0x00000000d5780000,0x00000000d5780000,0x00000000d5800000)
 ParOldGen       total 381952K, used 381489K [0x0000000080000000, 0x0000000097500000, 0x00000000d5580000)
  object space 381952K, 99% used [0x0000000080000000,0x000000009748c478,0x0000000097500000)
 Metaspace       used 63077K, committed 64512K, reserved 1114112K
  class space    used 6474K, committed 7104K, reserved 1048576K
}
Event: 30.041 GC heap after
{Heap after GC invocations=468 (full 3):
 PSYoungGen      total 2048K, used 278K [0x00000000d5580000, 0x00000000d5880000, 0x0000000100000000)
  eden space 1536K, 0% used [0x00000000d5580000,0x00000000d5580000,0x00000000d5700000)
  from space 512K, 54% used [0x00000000d5780000,0x00000000d57c5808,0x00000000d5800000)
  to   space 512K, 0% used [0x00000000d5800000,0x00000000d5800000,0x00000000d5880000)
 ParOldGen       total 381952K, used 381689K [0x0000000080000000, 0x0000000097500000, 0x00000000d5580000)
  object space 381952K, 99% used [0x0000000080000000,0x00000000974be478,0x0000000097500000)
 Metaspace       used 63077K, committed 64512K, reserved 1114112K
  class space    used 6474K, committed 7104K, reserved 1048576K
}
Event: 30.056 GC heap before
{Heap before GC invocations=469 (full 3):
 PSYoungGen      total 2048K, used 1814K [0x00000000d5580000, 0x00000000d5880000, 0x0000000100000000)
  eden space 1536K, 100% used [0x00000000d5580000,0x00000000d5700000,0x00000000d5700000)
  from space 512K, 54% used [0x00000000d5780000,0x00000000d57c5808,0x00000000d5800000)
  to   space 512K, 0% used [0x00000000d5800000,0x00000000d5800000,0x00000000d5880000)
 ParOldGen       total 381952K, used 381689K [0x0000000080000000, 0x0000000097500000, 0x00000000d5580000)
  object space 381952K, 99% used [0x0000000080000000,0x00000000974be478,0x0000000097500000)
 Metaspace       used 63077K, committed 64512K, reserved 1114112K
  class space    used 6474K, committed 7104K, reserved 1048576K
}
Event: 30.058 GC heap after
{Heap after GC invocations=469 (full 3):
 PSYoungGen      total 2048K, used 416K [0x00000000d5580000, 0x00000000d5880000, 0x0000000100000000)
  eden space 1536K, 0% used [0x00000000d5580000,0x00000000d5580000,0x00000000d5700000)
  from space 512K, 81% used [0x00000000d5800000,0x00000000d5868000,0x00000000d5880000)
  to   space 512K, 0% used [0x00000000d5780000,0x00000000d5780000,0x00000000d5800000)
 ParOldGen       total 381952K, used 381919K [0x0000000080000000, 0x0000000097500000, 0x00000000d5580000)
  object space 381952K, 99% used [0x0000000080000000,0x00000000974f7c80,0x0000000097500000)
 Metaspace       used 63077K, committed 64512K, reserved 1114112K
  class space    used 6474K, committed 7104K, reserved 1048576K
}

